{"C:\\Users\\Wellington\\Documents\\FULL STACK MASTER - DEVPLENO\\Modulo - 6\\Projeto - ConvertMyMoney\\lib\\convert.js": {"path":"C:\\Users\\Wellington\\Documents\\FULL STACK MASTER - DEVPLENO\\Modulo - 6\\Projeto - ConvertMyMoney\\lib\\convert.js","statementMap":{"0":{"start":{"line":1,"column":0},"end":{"line":7,"column":1}},"1":{"start":{"line":3,"column":8},"end":{"line":3,"column":36}},"2":{"start":{"line":6,"column":22},"end":{"line":6,"column":40}}},"fnMap":{"0":{"name":"(anonymous_0)","decl":{"start":{"line":2,"column":13},"end":{"line":2,"column":14}},"loc":{"start":{"line":2,"column":40},"end":{"line":4,"column":5}},"line":2},"1":{"name":"(anonymous_1)","decl":{"start":{"line":6,"column":13},"end":{"line":6,"column":14}},"loc":{"start":{"line":6,"column":22},"end":{"line":6,"column":40}},"line":6}},"branchMap":{},"s":{"0":1,"1":2,"2":1},"f":{"0":2,"1":1},"b":{},"_coverageSchema":"1a1c01bbd47fc00a2c39e90264f33305004495a9","hash":"2f6607a4089ddc3cddf3479fdd27dd27849a4ba0"}
}
